# JRE version: Java(TM) SE Runtime Environment (15.0.2+7) (build 15.0.2+7-27)
# Java VM: Java HotSpot(TM) 64-Bit Server VM (15.0.2+7-27, mixed mode, sharing, tiered, compressed oops, g1 gc, windows-amd64)
GC Precious Log:
 CPUs: 16 total, 16 available
 Memory: 8127M
 Large Page Support: Disabled
 NUMA Support: Disabled
 Compressed Oops: Enabled (32-bit)
 Heap Region Size: 1M
 Heap Min Capacity: 16M
 Heap Initial Capacity: 16M
 Heap Max Capacity: 400M
 Pre-touch: Disabled
 Parallel Workers: 13
 Concurrent Workers: 3
 Concurrent Refinement Workers: 13
 Periodic GC: Disabled
Heap:
 garbage-first heap   total 61440K, used 51972K [0x00000000e7000000, 0x0000000100000000)
  region size 1024K, 19 young (19456K), 2 survivors (2048K)
 Metaspace       used 31852K, capacity 32225K, committed 32256K, reserved 1077248K
  class space    used 4225K, capacity 4348K, committed 4352K, reserved 1048576K
GC Heap History (20 events):
Event: 173.690 GC heap after
{Heap after GC invocations=100 (full 0):
 garbage-first heap   total 60416K, used 34083K [0x00000000e7000000, 0x0000000100000000)
  region size 1024K, 2 young (2048K), 2 survivors (2048K)
 Metaspace       used 31780K, capacity 32161K, committed 32256K, reserved 1077248K
  class space    used 4225K, capacity 4348K, committed 4352K, reserved 1048576K
}
Event: 174.256 GC heap before
{Heap before GC invocations=100 (full 0):
 garbage-first heap   total 60416K, used 50467K [0x00000000e7000000, 0x0000000100000000)
  region size 1024K, 18 young (18432K), 2 survivors (2048K)
 Metaspace       used 31802K, capacity 32161K, committed 32256K, reserved 1077248K
  class space    used 4225K, capacity 4348K, committed 4352K, reserved 1048576K
}
Event: 174.259 GC heap after
{Heap after GC invocations=101 (full 0):
 garbage-first heap   total 60416K, used 34696K [0x00000000e7000000, 0x0000000100000000)
  region size 1024K, 2 young (2048K), 2 survivors (2048K)
 Metaspace       used 31802K, capacity 32161K, committed 32256K, reserved 1077248K
  class space    used 4225K, capacity 4348K, committed 4352K, reserved 1048576K
}
Event: 174.942 GC heap before
{Heap before GC invocations=102 (full 0):
 garbage-first heap   total 61440K, used 51080K [0x00000000e7000000, 0x0000000100000000)
  region size 1024K, 19 young (19456K), 2 survivors (2048K)
 Metaspace       used 31820K, capacity 32161K, committed 32256K, reserved 1077248K
  class space    used 4225K, capacity 4348K, committed 4352K, reserved 1048576K
}
Event: 174.945 GC heap after
{Heap after GC invocations=103 (full 0):
 garbage-first heap   total 61440K, used 34698K [0x00000000e7000000, 0x0000000100000000)
  region size 1024K, 2 young (2048K), 2 survivors (2048K)
 Metaspace       used 31820K, capacity 32161K, committed 32256K, reserved 1077248K
  class space    used 4225K, capacity 4348K, committed 4352K, reserved 1048576K
}
Event: 175.630 GC heap before
{Heap before GC invocations=103 (full 0):
 garbage-first heap   total 61440K, used 51082K [0x00000000e7000000, 0x0000000100000000)
  region size 1024K, 18 young (18432K), 2 survivors (2048K)
 Metaspace       used 31820K, capacity 32161K, committed 32256K, reserved 1077248K
  class space    used 4225K, capacity 4348K, committed 4352K, reserved 1048576K
}
Event: 175.633 GC heap after
{Heap after GC invocations=104 (full 0):
 garbage-first heap   total 61440K, used 34731K [0x00000000e7000000, 0x0000000100000000)
  region size 1024K, 2 young (2048K), 2 survivors (2048K)
 Metaspace       used 31820K, capacity 32161K, committed 32256K, reserved 1077248K
  class space    used 4225K, capacity 4348K, committed 4352K, reserved 1048576K
}
Event: 176.356 GC heap before
{Heap before GC invocations=105 (full 0):
 garbage-first heap   total 61440K, used 51115K [0x00000000e7000000, 0x0000000100000000)
  region size 1024K, 18 young (18432K), 2 survivors (2048K)
 Metaspace       used 31821K, capacity 32161K, committed 32256K, reserved 1077248K
  class space    used 4225K, capacity 4348K, committed 4352K, reserved 1048576K
}
Event: 176.359 GC heap after
{Heap after GC invocations=106 (full 0):
 garbage-first heap   total 61440K, used 34707K [0x00000000e7000000, 0x0000000100000000)
  region size 1024K, 2 young (2048K), 2 survivors (2048K)
 Metaspace       used 31821K, capacity 32161K, committed 32256K, reserved 1077248K
  class space    used 4225K, capacity 4348K, committed 4352K, reserved 1048576K
}
Event: 177.295 GC heap before
{Heap before GC invocations=106 (full 0):
 garbage-first heap   total 61440K, used 51091K [0x00000000e7000000, 0x0000000100000000)
  region size 1024K, 18 young (18432K), 2 survivors (2048K)
 Metaspace       used 31821K, capacity 32161K, committed 32256K, reserved 1077248K
  class space    used 4225K, capacity 4348K, committed 4352K, reserved 1048576K
}
Event: 177.297 GC heap after
{Heap after GC invocations=107 (full 0):
 garbage-first heap   total 61440K, used 34608K [0x00000000e7000000, 0x0000000100000000)
  region size 1024K, 2 young (2048K), 2 survivors (2048K)
 Metaspace       used 31821K, capacity 32161K, committed 32256K, reserved 1077248K
  class space    used 4225K, capacity 4348K, committed 4352K, reserved 1048576K
}
Event: 178.178 GC heap before
{Heap before GC invocations=108 (full 0):
 garbage-first heap   total 61440K, used 50992K [0x00000000e7000000, 0x0000000100000000)
  region size 1024K, 19 young (19456K), 2 survivors (2048K)
 Metaspace       used 31821K, capacity 32161K, committed 32256K, reserved 1077248K
  class space    used 4225K, capacity 4348K, committed 4352K, reserved 1048576K
}
Event: 178.180 GC heap after
{Heap after GC invocations=109 (full 0):
 garbage-first heap   total 61440K, used 34588K [0x00000000e7000000, 0x0000000100000000)
  region size 1024K, 2 young (2048K), 2 survivors (2048K)
 Metaspace       used 31821K, capacity 32161K, committed 32256K, reserved 1077248K
  class space    used 4225K, capacity 4348K, committed 4352K, reserved 1048576K
}
Event: 178.910 GC heap before
{Heap before GC invocations=109 (full 0):
 garbage-first heap   total 61440K, used 50972K [0x00000000e7000000, 0x0000000100000000)
  region size 1024K, 18 young (18432K), 2 survivors (2048K)
 Metaspace       used 31843K, capacity 32225K, committed 32256K, reserved 1077248K
  class space    used 4225K, capacity 4348K, committed 4352K, reserved 1048576K
}
Event: 178.913 GC heap after
{Heap after GC invocations=110 (full 0):
 garbage-first heap   total 61440K, used 34619K [0x00000000e7000000, 0x0000000100000000)
  region size 1024K, 2 young (2048K), 2 survivors (2048K)
 Metaspace       used 31843K, capacity 32225K, committed 32256K, reserved 1077248K
  class space    used 4225K, capacity 4348K, committed 4352K, reserved 1048576K
}
Event: 179.705 GC heap before
{Heap before GC invocations=111 (full 0):
 garbage-first heap   total 61440K, used 51003K [0x00000000e7000000, 0x0000000100000000)
  region size 1024K, 18 young (18432K), 2 survivors (2048K)
 Metaspace       used 31845K, capacity 32225K, committed 32256K, reserved 1077248K
  class space    used 4225K, capacity 4348K, committed 4352K, reserved 1048576K
}
Event: 179.707 GC heap after
{Heap after GC invocations=112 (full 0):
 garbage-first heap   total 61440K, used 34589K [0x00000000e7000000, 0x0000000100000000)
  region size 1024K, 2 young (2048K), 2 survivors (2048K)
 Metaspace       used 31845K, capacity 32225K, committed 32256K, reserved 1077248K
  class space    used 4225K, capacity 4348K, committed 4352K, reserved 1048576K
}
Event: 180.426 GC heap before
{Heap before GC invocations=112 (full 0):
 garbage-first heap   total 61440K, used 50973K [0x00000000e7000000, 0x0000000100000000)
  region size 1024K, 18 young (18432K), 2 survivors (2048K)
 Metaspace       used 31845K, capacity 32225K, committed 32256K, reserved 1077248K
  class space    used 4225K, capacity 4348K, committed 4352K, reserved 1048576K
}
Event: 180.428 GC heap after
{Heap after GC invocations=113 (full 0):
 garbage-first heap   total 61440K, used 34564K [0x00000000e7000000, 0x0000000100000000)
  region size 1024K, 2 young (2048K), 2 survivors (2048K)
 Metaspace       used 31845K, capacity 32225K, committed 32256K, reserved 1077248K
  class space    used 4225K, capacity 4348K, committed 4352K, reserved 1048576K
}
Event: 181.325 GC heap before
{Heap before GC invocations=114 (full 0):
 garbage-first heap   total 61440K, used 51972K [0x00000000e7000000, 0x0000000100000000)
  region size 1024K, 19 young (19456K), 2 survivors (2048K)
 Metaspace       used 31852K, capacity 32225K, committed 32256K, reserved 1077248K
  class space    used 4225K, capacity 4348K, committed 4352K, reserved 1048576K
}

