# JRE version: Java(TM) SE Runtime Environment (15.0.2+7) (build 15.0.2+7-27)
# Java VM: Java HotSpot(TM) 64-Bit Server VM (15.0.2+7-27, mixed mode, sharing, tiered, compressed oops, g1 gc, windows-amd64)
GC Precious Log:
 CPUs: 16 total, 16 available
 Memory: 8127M
 Large Page Support: Disabled
 NUMA Support: Disabled
 Compressed Oops: Enabled (32-bit)
 Heap Region Size: 1M
 Heap Min Capacity: 16M
 Heap Initial Capacity: 16M
 Heap Max Capacity: 400M
 Pre-touch: Disabled
 Parallel Workers: 13
 Concurrent Workers: 3
 Concurrent Refinement Workers: 13
 Periodic GC: Disabled
Heap:
 garbage-first heap   total 120832K, used 97341K [0x00000000e7000000, 0x0000000100000000)
  region size 1024K, 70 young (71680K), 1 survivors (1024K)
 Metaspace       used 26841K, capacity 27212K, committed 27264K, reserved 1073152K
  class space    used 3587K, capacity 3702K, committed 3712K, reserved 1048576K
GC Heap History (20 events):
Event: 10.501 GC heap after
{Heap after GC invocations=57 (full 0):
 garbage-first heap   total 120832K, used 26598K [0x00000000e7000000, 0x0000000100000000)
  region size 1024K, 1 young (1024K), 1 survivors (1024K)
 Metaspace       used 26757K, capacity 27148K, committed 27264K, reserved 1073152K
  class space    used 3587K, capacity 3702K, committed 3712K, reserved 1048576K
}
Event: 10.588 GC heap before
{Heap before GC invocations=57 (full 0):
 garbage-first heap   total 120832K, used 97254K [0x00000000e7000000, 0x0000000100000000)
  region size 1024K, 70 young (71680K), 1 survivors (1024K)
 Metaspace       used 26783K, capacity 27212K, committed 27264K, reserved 1073152K
  class space    used 3587K, capacity 3702K, committed 3712K, reserved 1048576K
}
Event: 10.591 GC heap after
{Heap after GC invocations=58 (full 0):
 garbage-first heap   total 120832K, used 26627K [0x00000000e7000000, 0x0000000100000000)
  region size 1024K, 1 young (1024K), 1 survivors (1024K)
 Metaspace       used 26783K, capacity 27212K, committed 27264K, reserved 1073152K
  class space    used 3587K, capacity 3702K, committed 3712K, reserved 1048576K
}
Event: 10.674 GC heap before
{Heap before GC invocations=58 (full 0):
 garbage-first heap   total 120832K, used 97283K [0x00000000e7000000, 0x0000000100000000)
  region size 1024K, 70 young (71680K), 1 survivors (1024K)
 Metaspace       used 26783K, capacity 27212K, committed 27264K, reserved 1073152K
  class space    used 3587K, capacity 3702K, committed 3712K, reserved 1048576K
}
Event: 10.677 GC heap after
{Heap after GC invocations=59 (full 0):
 garbage-first heap   total 120832K, used 26624K [0x00000000e7000000, 0x0000000100000000)
  region size 1024K, 1 young (1024K), 1 survivors (1024K)
 Metaspace       used 26783K, capacity 27212K, committed 27264K, reserved 1073152K
  class space    used 3587K, capacity 3702K, committed 3712K, reserved 1048576K
}
Event: 10.762 GC heap before
{Heap before GC invocations=59 (full 0):
 garbage-first heap   total 120832K, used 97280K [0x00000000e7000000, 0x0000000100000000)
  region size 1024K, 71 young (72704K), 1 survivors (1024K)
 Metaspace       used 26790K, capacity 27212K, committed 27264K, reserved 1073152K
  class space    used 3587K, capacity 3702K, committed 3712K, reserved 1048576K
}
Event: 10.765 GC heap after
{Heap after GC invocations=60 (full 0):
 garbage-first heap   total 120832K, used 26624K [0x00000000e7000000, 0x0000000100000000)
  region size 1024K, 1 young (1024K), 1 survivors (1024K)
 Metaspace       used 26790K, capacity 27212K, committed 27264K, reserved 1073152K
  class space    used 3587K, capacity 3702K, committed 3712K, reserved 1048576K
}
Event: 10.854 GC heap before
{Heap before GC invocations=60 (full 0):
 garbage-first heap   total 120832K, used 97280K [0x00000000e7000000, 0x0000000100000000)
  region size 1024K, 70 young (71680K), 1 survivors (1024K)
 Metaspace       used 26792K, capacity 27212K, committed 27264K, reserved 1073152K
  class space    used 3587K, capacity 3702K, committed 3712K, reserved 1048576K
}
Event: 10.857 GC heap after
{Heap after GC invocations=61 (full 0):
 garbage-first heap   total 120832K, used 26667K [0x00000000e7000000, 0x0000000100000000)
  region size 1024K, 1 young (1024K), 1 survivors (1024K)
 Metaspace       used 26792K, capacity 27212K, committed 27264K, reserved 1073152K
  class space    used 3587K, capacity 3702K, committed 3712K, reserved 1048576K
}
Event: 10.940 GC heap before
{Heap before GC invocations=61 (full 0):
 garbage-first heap   total 120832K, used 97323K [0x00000000e7000000, 0x0000000100000000)
  region size 1024K, 70 young (71680K), 1 survivors (1024K)
 Metaspace       used 26795K, capacity 27212K, committed 27264K, reserved 1073152K
  class space    used 3587K, capacity 3702K, committed 3712K, reserved 1048576K
}
Event: 10.942 GC heap after
{Heap after GC invocations=62 (full 0):
 garbage-first heap   total 120832K, used 26648K [0x00000000e7000000, 0x0000000100000000)
  region size 1024K, 1 young (1024K), 1 survivors (1024K)
 Metaspace       used 26795K, capacity 27212K, committed 27264K, reserved 1073152K
  class space    used 3587K, capacity 3702K, committed 3712K, reserved 1048576K
}
Event: 11.027 GC heap before
{Heap before GC invocations=62 (full 0):
 garbage-first heap   total 120832K, used 97304K [0x00000000e7000000, 0x0000000100000000)
  region size 1024K, 70 young (71680K), 1 survivors (1024K)
 Metaspace       used 26795K, capacity 27212K, committed 27264K, reserved 1073152K
  class space    used 3587K, capacity 3702K, committed 3712K, reserved 1048576K
}
Event: 11.030 GC heap after
{Heap after GC invocations=63 (full 0):
 garbage-first heap   total 120832K, used 26642K [0x00000000e7000000, 0x0000000100000000)
  region size 1024K, 1 young (1024K), 1 survivors (1024K)
 Metaspace       used 26795K, capacity 27212K, committed 27264K, reserved 1073152K
  class space    used 3587K, capacity 3702K, committed 3712K, reserved 1048576K
}
Event: 11.122 GC heap before
{Heap before GC invocations=63 (full 0):
 garbage-first heap   total 120832K, used 97298K [0x00000000e7000000, 0x0000000100000000)
  region size 1024K, 70 young (71680K), 1 survivors (1024K)
 Metaspace       used 26826K, capacity 27212K, committed 27264K, reserved 1073152K
  class space    used 3587K, capacity 3702K, committed 3712K, reserved 1048576K
}
Event: 11.125 GC heap after
{Heap after GC invocations=64 (full 0):
 garbage-first heap   total 120832K, used 26624K [0x00000000e7000000, 0x0000000100000000)
  region size 1024K, 1 young (1024K), 1 survivors (1024K)
 Metaspace       used 26826K, capacity 27212K, committed 27264K, reserved 1073152K
  class space    used 3587K, capacity 3702K, committed 3712K, reserved 1048576K
}
Event: 11.210 GC heap before
{Heap before GC invocations=64 (full 0):
 garbage-first heap   total 120832K, used 97280K [0x00000000e7000000, 0x0000000100000000)
  region size 1024K, 70 young (71680K), 1 survivors (1024K)
 Metaspace       used 26826K, capacity 27212K, committed 27264K, reserved 1073152K
  class space    used 3587K, capacity 3702K, committed 3712K, reserved 1048576K
}
Event: 11.213 GC heap after
{Heap after GC invocations=65 (full 0):
 garbage-first heap   total 120832K, used 26643K [0x00000000e7000000, 0x0000000100000000)
  region size 1024K, 1 young (1024K), 1 survivors (1024K)
 Metaspace       used 26826K, capacity 27212K, committed 27264K, reserved 1073152K
  class space    used 3587K, capacity 3702K, committed 3712K, reserved 1048576K
}
Event: 11.296 GC heap before
{Heap before GC invocations=65 (full 0):
 garbage-first heap   total 120832K, used 97299K [0x00000000e7000000, 0x0000000100000000)
  region size 1024K, 70 young (71680K), 1 survivors (1024K)
 Metaspace       used 26830K, capacity 27212K, committed 27264K, reserved 1073152K
  class space    used 3587K, capacity 3702K, committed 3712K, reserved 1048576K
}
Event: 11.298 GC heap after
{Heap after GC invocations=66 (full 0):
 garbage-first heap   total 120832K, used 26685K [0x00000000e7000000, 0x0000000100000000)
  region size 1024K, 1 young (1024K), 1 survivors (1024K)
 Metaspace       used 26830K, capacity 27212K, committed 27264K, reserved 1073152K
  class space    used 3587K, capacity 3702K, committed 3712K, reserved 1048576K
}
Event: 11.381 GC heap before
{Heap before GC invocations=66 (full 0):
 garbage-first heap   total 120832K, used 97341K [0x00000000e7000000, 0x0000000100000000)
  region size 1024K, 70 young (71680K), 1 survivors (1024K)
 Metaspace       used 26841K, capacity 27212K, committed 27264K, reserved 1073152K
  class space    used 3587K, capacity 3702K, committed 3712K, reserved 1048576K
}

