# JRE version: Java(TM) SE Runtime Environment (15.0.2+7) (build 15.0.2+7-27)
# Java VM: Java HotSpot(TM) 64-Bit Server VM (15.0.2+7-27, mixed mode, sharing, tiered, compressed oops, g1 gc, windows-amd64)
GC Precious Log:
 CPUs: 16 total, 16 available
 Memory: 8127M
 Large Page Support: Disabled
 NUMA Support: Disabled
 Compressed Oops: Enabled (32-bit)
 Heap Region Size: 1M
 Heap Min Capacity: 16M
 Heap Initial Capacity: 16M
 Heap Max Capacity: 400M
 Pre-touch: Disabled
 Parallel Workers: 13
 Concurrent Workers: 3
 Concurrent Refinement Workers: 13
 Periodic GC: Disabled
Heap:
 garbage-first heap   total 104448K, used 90717K [0x00000000e7000000, 0x0000000100000000)
  region size 1024K, 53 young (54272K), 1 survivors (1024K)
 Metaspace       used 29951K, capacity 30364K, committed 30464K, reserved 1075200K
  class space    used 3928K, capacity 4066K, committed 4096K, reserved 1048576K
GC Heap History (20 events):
Event: 201.490 GC heap after
{Heap after GC invocations=954 (full 0):
 garbage-first heap   total 104448K, used 37450K [0x00000000e7000000, 0x0000000100000000)
  region size 1024K, 1 young (1024K), 1 survivors (1024K)
 Metaspace       used 29948K, capacity 30364K, committed 30464K, reserved 1075200K
  class space    used 3928K, capacity 4066K, committed 4096K, reserved 1048576K
}
Event: 201.584 GC heap before
{Heap before GC invocations=954 (full 0):
 garbage-first heap   total 104448K, used 90698K [0x00000000e7000000, 0x0000000100000000)
  region size 1024K, 53 young (54272K), 1 survivors (1024K)
 Metaspace       used 29948K, capacity 30364K, committed 30464K, reserved 1075200K
  class space    used 3928K, capacity 4066K, committed 4096K, reserved 1048576K
}
Event: 201.587 GC heap after
{Heap after GC invocations=955 (full 0):
 garbage-first heap   total 104448K, used 37455K [0x00000000e7000000, 0x0000000100000000)
  region size 1024K, 1 young (1024K), 1 survivors (1024K)
 Metaspace       used 29948K, capacity 30364K, committed 30464K, reserved 1075200K
  class space    used 3928K, capacity 4066K, committed 4096K, reserved 1048576K
}
Event: 201.683 GC heap before
{Heap before GC invocations=955 (full 0):
 garbage-first heap   total 104448K, used 90703K [0x00000000e7000000, 0x0000000100000000)
  region size 1024K, 53 young (54272K), 1 survivors (1024K)
 Metaspace       used 29948K, capacity 30364K, committed 30464K, reserved 1075200K
  class space    used 3928K, capacity 4066K, committed 4096K, reserved 1048576K
}
Event: 201.686 GC heap after
{Heap after GC invocations=956 (full 0):
 garbage-first heap   total 104448K, used 37436K [0x00000000e7000000, 0x0000000100000000)
  region size 1024K, 1 young (1024K), 1 survivors (1024K)
 Metaspace       used 29948K, capacity 30364K, committed 30464K, reserved 1075200K
  class space    used 3928K, capacity 4066K, committed 4096K, reserved 1048576K
}
Event: 201.777 GC heap before
{Heap before GC invocations=956 (full 0):
 garbage-first heap   total 104448K, used 90684K [0x00000000e7000000, 0x0000000100000000)
  region size 1024K, 53 young (54272K), 1 survivors (1024K)
 Metaspace       used 29948K, capacity 30364K, committed 30464K, reserved 1075200K
  class space    used 3928K, capacity 4066K, committed 4096K, reserved 1048576K
}
Event: 201.780 GC heap after
{Heap after GC invocations=957 (full 0):
 garbage-first heap   total 104448K, used 37455K [0x00000000e7000000, 0x0000000100000000)
  region size 1024K, 1 young (1024K), 1 survivors (1024K)
 Metaspace       used 29948K, capacity 30364K, committed 30464K, reserved 1075200K
  class space    used 3928K, capacity 4066K, committed 4096K, reserved 1048576K
}
Event: 201.873 GC heap before
{Heap before GC invocations=957 (full 0):
 garbage-first heap   total 104448K, used 90703K [0x00000000e7000000, 0x0000000100000000)
  region size 1024K, 53 young (54272K), 1 survivors (1024K)
 Metaspace       used 29951K, capacity 30364K, committed 30464K, reserved 1075200K
  class space    used 3928K, capacity 4066K, committed 4096K, reserved 1048576K
}
Event: 201.875 GC heap after
{Heap after GC invocations=958 (full 0):
 garbage-first heap   total 104448K, used 37470K [0x00000000e7000000, 0x0000000100000000)
  region size 1024K, 1 young (1024K), 1 survivors (1024K)
 Metaspace       used 29951K, capacity 30364K, committed 30464K, reserved 1075200K
  class space    used 3928K, capacity 4066K, committed 4096K, reserved 1048576K
}
Event: 201.969 GC heap before
{Heap before GC invocations=958 (full 0):
 garbage-first heap   total 104448K, used 90718K [0x00000000e7000000, 0x0000000100000000)
  region size 1024K, 53 young (54272K), 1 survivors (1024K)
 Metaspace       used 29951K, capacity 30364K, committed 30464K, reserved 1075200K
  class space    used 3928K, capacity 4066K, committed 4096K, reserved 1048576K
}
Event: 201.971 GC heap after
{Heap after GC invocations=959 (full 0):
 garbage-first heap   total 104448K, used 37470K [0x00000000e7000000, 0x0000000100000000)
  region size 1024K, 1 young (1024K), 1 survivors (1024K)
 Metaspace       used 29951K, capacity 30364K, committed 30464K, reserved 1075200K
  class space    used 3928K, capacity 4066K, committed 4096K, reserved 1048576K
}
Event: 202.064 GC heap before
{Heap before GC invocations=959 (full 0):
 garbage-first heap   total 104448K, used 90718K [0x00000000e7000000, 0x0000000100000000)
  region size 1024K, 53 young (54272K), 1 survivors (1024K)
 Metaspace       used 29951K, capacity 30364K, committed 30464K, reserved 1075200K
  class space    used 3928K, capacity 4066K, committed 4096K, reserved 1048576K
}
Event: 202.066 GC heap after
{Heap after GC invocations=960 (full 0):
 garbage-first heap   total 104448K, used 37451K [0x00000000e7000000, 0x0000000100000000)
  region size 1024K, 1 young (1024K), 1 survivors (1024K)
 Metaspace       used 29951K, capacity 30364K, committed 30464K, reserved 1075200K
  class space    used 3928K, capacity 4066K, committed 4096K, reserved 1048576K
}
Event: 202.158 GC heap before
{Heap before GC invocations=960 (full 0):
 garbage-first heap   total 104448K, used 90699K [0x00000000e7000000, 0x0000000100000000)
  region size 1024K, 53 young (54272K), 1 survivors (1024K)
 Metaspace       used 29951K, capacity 30364K, committed 30464K, reserved 1075200K
  class space    used 3928K, capacity 4066K, committed 4096K, reserved 1048576K
}
Event: 202.160 GC heap after
{Heap after GC invocations=961 (full 0):
 garbage-first heap   total 104448K, used 37452K [0x00000000e7000000, 0x0000000100000000)
  region size 1024K, 1 young (1024K), 1 survivors (1024K)
 Metaspace       used 29951K, capacity 30364K, committed 30464K, reserved 1075200K
  class space    used 3928K, capacity 4066K, committed 4096K, reserved 1048576K
}
Event: 202.254 GC heap before
{Heap before GC invocations=961 (full 0):
 garbage-first heap   total 104448K, used 90700K [0x00000000e7000000, 0x0000000100000000)
  region size 1024K, 53 young (54272K), 1 survivors (1024K)
 Metaspace       used 29951K, capacity 30364K, committed 30464K, reserved 1075200K
  class space    used 3928K, capacity 4066K, committed 4096K, reserved 1048576K
}
Event: 202.256 GC heap after
{Heap after GC invocations=962 (full 0):
 garbage-first heap   total 104448K, used 37453K [0x00000000e7000000, 0x0000000100000000)
  region size 1024K, 1 young (1024K), 1 survivors (1024K)
 Metaspace       used 29951K, capacity 30364K, committed 30464K, reserved 1075200K
  class space    used 3928K, capacity 4066K, committed 4096K, reserved 1048576K
}
Event: 202.351 GC heap before
{Heap before GC invocations=962 (full 0):
 garbage-first heap   total 104448K, used 90701K [0x00000000e7000000, 0x0000000100000000)
  region size 1024K, 53 young (54272K), 1 survivors (1024K)
 Metaspace       used 29951K, capacity 30364K, committed 30464K, reserved 1075200K
  class space    used 3928K, capacity 4066K, committed 4096K, reserved 1048576K
}
Event: 202.353 GC heap after
{Heap after GC invocations=963 (full 0):
 garbage-first heap   total 104448K, used 37469K [0x00000000e7000000, 0x0000000100000000)
  region size 1024K, 1 young (1024K), 1 survivors (1024K)
 Metaspace       used 29951K, capacity 30364K, committed 30464K, reserved 1075200K
  class space    used 3928K, capacity 4066K, committed 4096K, reserved 1048576K
}
Event: 202.445 GC heap before
{Heap before GC invocations=963 (full 0):
 garbage-first heap   total 104448K, used 90717K [0x00000000e7000000, 0x0000000100000000)
  region size 1024K, 53 young (54272K), 1 survivors (1024K)
 Metaspace       used 29951K, capacity 30364K, committed 30464K, reserved 1075200K
  class space    used 3928K, capacity 4066K, committed 4096K, reserved 1048576K
}

